<?xml version="1.0" encoding="UTF-8"?>
<!-- Generated by org.testng.reporters.JUnitReportReporter -->
<testsuite hostname="Carloss-MacBook-Pro.local" failures="0" tests="1" name="login.LoginTests" time="0.720" errors="0" timestamp="2023-03-09T14:10:18 CST" skipped="0">
  <testcase classname="login.LoginTests" name="testSuccesfullLogin" time="0.720"/>
  <system-out/>
</testsuite> <!-- login.LoginTests -->
