<?xml version="1.0" encoding="UTF-8"?>
<!-- Generated by org.testng.reporters.JUnitReportReporter -->
<testsuite hostname="Carloss-MacBook-Pro.local" failures="0" tests="1" name="dropdown.DropdownTests" time="0.284" errors="0" timestamp="2023-03-09T14:10:18 CST" skipped="0">
  <testcase classname="dropdown.DropdownTests" name="testSelectOption" time="0.284"/>
  <system-out/>
</testsuite> <!-- dropdown.DropdownTests -->
