<?xml version="1.0" encoding="UTF-8"?>
<!-- Generated by org.testng.reporters.JUnitReportReporter -->
<testsuite hostname="Carloss-MacBook-Pro.local" failures="0" tests="1" name="hover.HoverTests" time="0.426" errors="0" timestamp="2023-03-09T14:10:18 CST" skipped="0">
  <testcase classname="hover.HoverTests" name="testHoverUser1" time="0.426"/>
  <system-out/>
</testsuite> <!-- hover.HoverTests -->
